0001   0000             ; ######################################
0002   0000             ; #                                    #
0003   0000             ; #         uMON1 Version 1.04         #
0004   0000             ; #  --------------------------------  #
0005   0000             ; #   Special Key Sequences            #
0006   0000             ; #  --------------------------------  #
0007   0000             ; #   Shift-+ - Insert byte.           #
0008   0000             ; #   Shift-- - Delete byte.           #
0009   0000             ; #                                    #
0010   0000             ; #  --------------------------------  #
0011   0000             ; #   Included Modules                 #
0012   0000             ; #  --------------------------------  #
0013   0000             ; #                None                #
0014   0000             ; #  --------------------------------  #
0015   0000             ; #                                    #
0016   0000             ; #  by Scott Gregory                  #
0017   0000             ; #  13/06/2021                        #
0018   0000             ; #                                    #
0019   0000             ; #  Last update                       #
0020   0000             ; #  18/07/2021                        #
0021   0000             ; ######################################
0022   0000             ;
0023   0000             STACKTOP	.EQU	$08C0 ; Stack position.
0024   0000             ROMBASE		.EQU	$0000 ; Start of ROM.
0025   0000             ROMTOP		.EQU	$07FF ; End of ROM.
0026   0000             RAMBASE		.EQU	$0900 ; Start of user RAM.
0027   0000             RAMTOP		.EQU	$FFFF ; End of user RAM.
0028   0000             CATHDLY		.EQU	$40 ; Digit display delay.
0029   0000             KEYPORT		.EQU	$00 ; Keypad port.
0030   0000             CATHPORT	.EQU	$01 ; Display catchode port.
0031   0000             SEGPORT		.EQU	$02 ; Display segment port.
0032   0000             ;
0033   0000             ADDRESS		.EQU	$08C1 ; 2 Bytes.
0034   0000             SCRATCH		.EQU	$08C3 ; 2 Bytes.
0035   0000             MODE		.EQU	$08C5 ; 1 Byte.
0036   0000             KEYDATA		.EQU	$08C6 ; 1 Byte.
0037   0000             BEEPLENGTH	.EQU	$08C7 ; 2 Bytes.
0038   0000             BEEPFREQ	.EQU	$08C9 ; 1 Byte.
0039   0000             ;
0040   0000             ; Begin global MOD assignments.
0041   0000             ; End global MOD assignments.
0042   0000             ;
0043   0000             ; Begin MOD-xx assignments.
0044   0000             ; End MOD-xx assignments.
0045   0000             ;
0046   0000 00 00 00 00 			.FILL	(ROMTOP - ROMBASE) + 1, $00
0046   0004 00 00 00 00 
0046   0008 00 00 00 00 
0046   000C 00 00 00 00 
0046   0010 00 00 00 00 
0046   0014 00 00 00 00 
0046   0018 00 00 00 00 
0046   001C 00 00 00 00 
0046   0020 00 00 00 00 
0046   0024 00 00 00 00 
0046   0028 00 00 00 00 
0046   002C 00 00 00 00 
0046   0030 00 00 00 00 
0046   0034 00 00 00 00 
0046   0038 00 00 00 00 
0046   003C 00 00 00 00 
0046   0040 00 00 00 00 
0046   0044 00 00 00 00 
0046   0048 00 00 00 00 
0046   004C 00 00 00 00 
0046   0050 00 00 00 00 
0046   0054 00 00 00 00 
0046   0058 00 00 00 00 
0046   005C 00 00 00 00 
0046   0060 00 00 00 00 
0046   0064 00 00 00 00 
0046   0068 00 00 00 00 
0046   006C 00 00 00 00 
0046   0070 00 00 00 00 
0046   0074 00 00 00 00 
0046   0078 00 00 00 00 
0046   007C 00 00 00 00 
0046   0080 00 00 00 00 
0046   0084 00 00 00 00 
0046   0088 00 00 00 00 
0046   008C 00 00 00 00 
0046   0090 00 00 00 00 
0046   0094 00 00 00 00 
0046   0098 00 00 00 00 
0046   009C 00 00 00 00 
0046   00A0 00 00 00 00 
0046   00A4 00 00 00 00 
0046   00A8 00 00 00 00 
0046   00AC 00 00 00 00 
0046   00B0 00 00 00 00 
0046   00B4 00 00 00 00 
0046   00B8 00 00 00 00 
0046   00BC 00 00 00 00 
0046   00C0 00 00 00 00 
0046   00C4 00 00 00 00 
0046   00C8 00 00 00 00 
0046   00CC 00 00 00 00 
0046   00D0 00 00 00 00 
0046   00D4 00 00 00 00 
0046   00D8 00 00 00 00 
0046   00DC 00 00 00 00 
0046   00E0 00 00 00 00 
0046   00E4 00 00 00 00 
0046   00E8 00 00 00 00 
0046   00EC 00 00 00 00 
0046   00F0 00 00 00 00 
0046   00F4 00 00 00 00 
0046   00F8 00 00 00 00 
0046   00FC 00 00 00 00 
0046   0100 00 00 00 00 
0046   0104 00 00 00 00 
0046   0108 00 00 00 00 
0046   010C 00 00 00 00 
0046   0110 00 00 00 00 
0046   0114 00 00 00 00 
0046   0118 00 00 00 00 
0046   011C 00 00 00 00 
0046   0120 00 00 00 00 
0046   0124 00 00 00 00 
0046   0128 00 00 00 00 
0046   012C 00 00 00 00 
0046   0130 00 00 00 00 
0046   0134 00 00 00 00 
0046   0138 00 00 00 00 
0046   013C 00 00 00 00 
0046   0140 00 00 00 00 
0046   0144 00 00 00 00 
0046   0148 00 00 00 00 
0046   014C 00 00 00 00 
0046   0150 00 00 00 00 
0046   0154 00 00 00 00 
0046   0158 00 00 00 00 
0046   015C 00 00 00 00 
0046   0160 00 00 00 00 
0046   0164 00 00 00 00 
0046   0168 00 00 00 00 
0046   016C 00 00 00 00 
0046   0170 00 00 00 00 
0046   0174 00 00 00 00 
0046   0178 00 00 00 00 
0046   017C 00 00 00 00 
0046   0180 00 00 00 00 
0046   0184 00 00 00 00 
0046   0188 00 00 00 00 
0046   018C 00 00 00 00 
0046   0190 00 00 00 00 
0046   0194 00 00 00 00 
0046   0198 00 00 00 00 
0046   019C 00 00 00 00 
0046   01A0 00 00 00 00 
0046   01A4 00 00 00 00 
0046   01A8 00 00 00 00 
0046   01AC 00 00 00 00 
0046   01B0 00 00 00 00 
0046   01B4 00 00 00 00 
0046   01B8 00 00 00 00 
0046   01BC 00 00 00 00 
0046   01C0 00 00 00 00 
0046   01C4 00 00 00 00 
0046   01C8 00 00 00 00 
0046   01CC 00 00 00 00 
0046   01D0 00 00 00 00 
0046   01D4 00 00 00 00 
0046   01D8 00 00 00 00 
0046   01DC 00 00 00 00 
0046   01E0 00 00 00 00 
0046   01E4 00 00 00 00 
0046   01E8 00 00 00 00 
0046   01EC 00 00 00 00 
0046   01F0 00 00 00 00 
0046   01F4 00 00 00 00 
0046   01F8 00 00 00 00 
0046   01FC 00 00 00 00 
0046   0200 00 00 00 00 
0046   0204 00 00 00 00 
0046   0208 00 00 00 00 
0046   020C 00 00 00 00 
0046   0210 00 00 00 00 
0046   0214 00 00 00 00 
0046   0218 00 00 00 00 
0046   021C 00 00 00 00 
0046   0220 00 00 00 00 
0046   0224 00 00 00 00 
0046   0228 00 00 00 00 
0046   022C 00 00 00 00 
0046   0230 00 00 00 00 
0046   0234 00 00 00 00 
0046   0238 00 00 00 00 
0046   023C 00 00 00 00 
0046   0240 00 00 00 00 
0046   0244 00 00 00 00 
0046   0248 00 00 00 00 
0046   024C 00 00 00 00 
0046   0250 00 00 00 00 
0046   0254 00 00 00 00 
0046   0258 00 00 00 00 
0046   025C 00 00 00 00 
0046   0260 00 00 00 00 
0046   0264 00 00 00 00 
0046   0268 00 00 00 00 
0046   026C 00 00 00 00 
0046   0270 00 00 00 00 
0046   0274 00 00 00 00 
0046   0278 00 00 00 00 
0046   027C 00 00 00 00 
0046   0280 00 00 00 00 
0046   0284 00 00 00 00 
0046   0288 00 00 00 00 
0046   028C 00 00 00 00 
0046   0290 00 00 00 00 
0046   0294 00 00 00 00 
0046   0298 00 00 00 00 
0046   029C 00 00 00 00 
0046   02A0 00 00 00 00 
0046   02A4 00 00 00 00 
0046   02A8 00 00 00 00 
0046   02AC 00 00 00 00 
0046   02B0 00 00 00 00 
0046   02B4 00 00 00 00 
0046   02B8 00 00 00 00 
0046   02BC 00 00 00 00 
0046   02C0 00 00 00 00 
0046   02C4 00 00 00 00 
0046   02C8 00 00 00 00 
0046   02CC 00 00 00 00 
0046   02D0 00 00 00 00 
0046   02D4 00 00 00 00 
0046   02D8 00 00 00 00 
0046   02DC 00 00 00 00 
0046   02E0 00 00 00 00 
0046   02E4 00 00 00 00 
0046   02E8 00 00 00 00 
0046   02EC 00 00 00 00 
0046   02F0 00 00 00 00 
0046   02F4 00 00 00 00 
0046   02F8 00 00 00 00 
0046   02FC 00 00 00 00 
0046   0300 00 00 00 00 
0046   0304 00 00 00 00 
0046   0308 00 00 00 00 
0046   030C 00 00 00 00 
0046   0310 00 00 00 00 
0046   0314 00 00 00 00 
0046   0318 00 00 00 00 
0046   031C 00 00 00 00 
0046   0320 00 00 00 00 
0046   0324 00 00 00 00 
0046   0328 00 00 00 00 
0046   032C 00 00 00 00 
0046   0330 00 00 00 00 
0046   0334 00 00 00 00 
0046   0338 00 00 00 00 
0046   033C 00 00 00 00 
0046   0340 00 00 00 00 
0046   0344 00 00 00 00 
0046   0348 00 00 00 00 
0046   034C 00 00 00 00 
0046   0350 00 00 00 00 
0046   0354 00 00 00 00 
0046   0358 00 00 00 00 
0046   035C 00 00 00 00 
0046   0360 00 00 00 00 
0046   0364 00 00 00 00 
0046   0368 00 00 00 00 
0046   036C 00 00 00 00 
0046   0370 00 00 00 00 
0046   0374 00 00 00 00 
0046   0378 00 00 00 00 
0046   037C 00 00 00 00 
0046   0380 00 00 00 00 
0046   0384 00 00 00 00 
0046   0388 00 00 00 00 
0046   038C 00 00 00 00 
0046   0390 00 00 00 00 
0046   0394 00 00 00 00 
0046   0398 00 00 00 00 
0046   039C 00 00 00 00 
0046   03A0 00 00 00 00 
0046   03A4 00 00 00 00 
0046   03A8 00 00 00 00 
0046   03AC 00 00 00 00 
0046   03B0 00 00 00 00 
0046   03B4 00 00 00 00 
0046   03B8 00 00 00 00 
0046   03BC 00 00 00 00 
0046   03C0 00 00 00 00 
0046   03C4 00 00 00 00 
0046   03C8 00 00 00 00 
0046   03CC 00 00 00 00 
0046   03D0 00 00 00 00 
0046   03D4 00 00 00 00 
0046   03D8 00 00 00 00 
0046   03DC 00 00 00 00 
0046   03E0 00 00 00 00 
0046   03E4 00 00 00 00 
0046   03E8 00 00 00 00 
0046   03EC 00 00 00 00 
0046   03F0 00 00 00 00 
0046   03F4 00 00 00 00 
0046   03F8 00 00 00 00 
0046   03FC 00 00 00 00 
0046   0400 00 00 00 00 
0046   0404 00 00 00 00 
0046   0408 00 00 00 00 
0046   040C 00 00 00 00 
0046   0410 00 00 00 00 
0046   0414 00 00 00 00 
0046   0418 00 00 00 00 
0046   041C 00 00 00 00 
0046   0420 00 00 00 00 
0046   0424 00 00 00 00 
0046   0428 00 00 00 00 
0046   042C 00 00 00 00 
0046   0430 00 00 00 00 
0046   0434 00 00 00 00 
0046   0438 00 00 00 00 
0046   043C 00 00 00 00 
0046   0440 00 00 00 00 
0046   0444 00 00 00 00 
0046   0448 00 00 00 00 
0046   044C 00 00 00 00 
0046   0450 00 00 00 00 
0046   0454 00 00 00 00 
0046   0458 00 00 00 00 
0046   045C 00 00 00 00 
0046   0460 00 00 00 00 
0046   0464 00 00 00 00 
0046   0468 00 00 00 00 
0046   046C 00 00 00 00 
0046   0470 00 00 00 00 
0046   0474 00 00 00 00 
0046   0478 00 00 00 00 
0046   047C 00 00 00 00 
0046   0480 00 00 00 00 
0046   0484 00 00 00 00 
0046   0488 00 00 00 00 
0046   048C 00 00 00 00 
0046   0490 00 00 00 00 
0046   0494 00 00 00 00 
0046   0498 00 00 00 00 
0046   049C 00 00 00 00 
0046   04A0 00 00 00 00 
0046   04A4 00 00 00 00 
0046   04A8 00 00 00 00 
0046   04AC 00 00 00 00 
0046   04B0 00 00 00 00 
0046   04B4 00 00 00 00 
0046   04B8 00 00 00 00 
0046   04BC 00 00 00 00 
0046   04C0 00 00 00 00 
0046   04C4 00 00 00 00 
0046   04C8 00 00 00 00 
0046   04CC 00 00 00 00 
0046   04D0 00 00 00 00 
0046   04D4 00 00 00 00 
0046   04D8 00 00 00 00 
0046   04DC 00 00 00 00 
0046   04E0 00 00 00 00 
0046   04E4 00 00 00 00 
0046   04E8 00 00 00 00 
0046   04EC 00 00 00 00 
0046   04F0 00 00 00 00 
0046   04F4 00 00 00 00 
0046   04F8 00 00 00 00 
0046   04FC 00 00 00 00 
0046   0500 00 00 00 00 
0046   0504 00 00 00 00 
0046   0508 00 00 00 00 
0046   050C 00 00 00 00 
0046   0510 00 00 00 00 
0046   0514 00 00 00 00 
0046   0518 00 00 00 00 
0046   051C 00 00 00 00 
0046   0520 00 00 00 00 
0046   0524 00 00 00 00 
0046   0528 00 00 00 00 
0046   052C 00 00 00 00 
0046   0530 00 00 00 00 
0046   0534 00 00 00 00 
0046   0538 00 00 00 00 
0046   053C 00 00 00 00 
0046   0540 00 00 00 00 
0046   0544 00 00 00 00 
0046   0548 00 00 00 00 
0046   054C 00 00 00 00 
0046   0550 00 00 00 00 
0046   0554 00 00 00 00 
0046   0558 00 00 00 00 
0046   055C 00 00 00 00 
0046   0560 00 00 00 00 
0046   0564 00 00 00 00 
0046   0568 00 00 00 00 
0046   056C 00 00 00 00 
0046   0570 00 00 00 00 
0046   0574 00 00 00 00 
0046   0578 00 00 00 00 
0046   057C 00 00 00 00 
0046   0580 00 00 00 00 
0046   0584 00 00 00 00 
0046   0588 00 00 00 00 
0046   058C 00 00 00 00 
0046   0590 00 00 00 00 
0046   0594 00 00 00 00 
0046   0598 00 00 00 00 
0046   059C 00 00 00 00 
0046   05A0 00 00 00 00 
0046   05A4 00 00 00 00 
0046   05A8 00 00 00 00 
0046   05AC 00 00 00 00 
0046   05B0 00 00 00 00 
0046   05B4 00 00 00 00 
0046   05B8 00 00 00 00 
0046   05BC 00 00 00 00 
0046   05C0 00 00 00 00 
0046   05C4 00 00 00 00 
0046   05C8 00 00 00 00 
0046   05CC 00 00 00 00 
0046   05D0 00 00 00 00 
0046   05D4 00 00 00 00 
0046   05D8 00 00 00 00 
0046   05DC 00 00 00 00 
0046   05E0 00 00 00 00 
0046   05E4 00 00 00 00 
0046   05E8 00 00 00 00 
0046   05EC 00 00 00 00 
0046   05F0 00 00 00 00 
0046   05F4 00 00 00 00 
0046   05F8 00 00 00 00 
0046   05FC 00 00 00 00 
0046   0600 00 00 00 00 
0046   0604 00 00 00 00 
0046   0608 00 00 00 00 
0046   060C 00 00 00 00 
0046   0610 00 00 00 00 
0046   0614 00 00 00 00 
0046   0618 00 00 00 00 
0046   061C 00 00 00 00 
0046   0620 00 00 00 00 
0046   0624 00 00 00 00 
0046   0628 00 00 00 00 
0046   062C 00 00 00 00 
0046   0630 00 00 00 00 
0046   0634 00 00 00 00 
0046   0638 00 00 00 00 
0046   063C 00 00 00 00 
0046   0640 00 00 00 00 
0046   0644 00 00 00 00 
0046   0648 00 00 00 00 
0046   064C 00 00 00 00 
0046   0650 00 00 00 00 
0046   0654 00 00 00 00 
0046   0658 00 00 00 00 
0046   065C 00 00 00 00 
0046   0660 00 00 00 00 
0046   0664 00 00 00 00 
0046   0668 00 00 00 00 
0046   066C 00 00 00 00 
0046   0670 00 00 00 00 
0046   0674 00 00 00 00 
0046   0678 00 00 00 00 
0046   067C 00 00 00 00 
0046   0680 00 00 00 00 
0046   0684 00 00 00 00 
0046   0688 00 00 00 00 
0046   068C 00 00 00 00 
0046   0690 00 00 00 00 
0046   0694 00 00 00 00 
0046   0698 00 00 00 00 
0046   069C 00 00 00 00 
0046   06A0 00 00 00 00 
0046   06A4 00 00 00 00 
0046   06A8 00 00 00 00 
0046   06AC 00 00 00 00 
0046   06B0 00 00 00 00 
0046   06B4 00 00 00 00 
0046   06B8 00 00 00 00 
0046   06BC 00 00 00 00 
0046   06C0 00 00 00 00 
0046   06C4 00 00 00 00 
0046   06C8 00 00 00 00 
0046   06CC 00 00 00 00 
0046   06D0 00 00 00 00 
0046   06D4 00 00 00 00 
0046   06D8 00 00 00 00 
0046   06DC 00 00 00 00 
0046   06E0 00 00 00 00 
0046   06E4 00 00 00 00 
0046   06E8 00 00 00 00 
0046   06EC 00 00 00 00 
0046   06F0 00 00 00 00 
0046   06F4 00 00 00 00 
0046   06F8 00 00 00 00 
0046   06FC 00 00 00 00 
0046   0700 00 00 00 00 
0046   0704 00 00 00 00 
0046   0708 00 00 00 00 
0046   070C 00 00 00 00 
0046   0710 00 00 00 00 
0046   0714 00 00 00 00 
0046   0718 00 00 00 00 
0046   071C 00 00 00 00 
0046   0720 00 00 00 00 
0046   0724 00 00 00 00 
0046   0728 00 00 00 00 
0046   072C 00 00 00 00 
0046   0730 00 00 00 00 
0046   0734 00 00 00 00 
0046   0738 00 00 00 00 
0046   073C 00 00 00 00 
0046   0740 00 00 00 00 
0046   0744 00 00 00 00 
0046   0748 00 00 00 00 
0046   074C 00 00 00 00 
0046   0750 00 00 00 00 
0046   0754 00 00 00 00 
0046   0758 00 00 00 00 
0046   075C 00 00 00 00 
0046   0760 00 00 00 00 
0046   0764 00 00 00 00 
0046   0768 00 00 00 00 
0046   076C 00 00 00 00 
0046   0770 00 00 00 00 
0046   0774 00 00 00 00 
0046   0778 00 00 00 00 
0046   077C 00 00 00 00 
0046   0780 00 00 00 00 
0046   0784 00 00 00 00 
0046   0788 00 00 00 00 
0046   078C 00 00 00 00 
0046   0790 00 00 00 00 
0046   0794 00 00 00 00 
0046   0798 00 00 00 00 
0046   079C 00 00 00 00 
0046   07A0 00 00 00 00 
0046   07A4 00 00 00 00 
0046   07A8 00 00 00 00 
0046   07AC 00 00 00 00 
0046   07B0 00 00 00 00 
0046   07B4 00 00 00 00 
0046   07B8 00 00 00 00 
0046   07BC 00 00 00 00 
0046   07C0 00 00 00 00 
0046   07C4 00 00 00 00 
0046   07C8 00 00 00 00 
0046   07CC 00 00 00 00 
0046   07D0 00 00 00 00 
0046   07D4 00 00 00 00 
0046   07D8 00 00 00 00 
0046   07DC 00 00 00 00 
0046   07E0 00 00 00 00 
0046   07E4 00 00 00 00 
0046   07E8 00 00 00 00 
0046   07EC 00 00 00 00 
0046   07F0 00 00 00 00 
0046   07F4 00 00 00 00 
0046   07F8 00 00 00 00 
0046   07FC 00 00 00 00 
0047   0000             			.ORG	$0000
0048   0000 C3 F2 03    RESET_00:	JP		SETUP
0049   0003             ;
0050   0008             			.ORG	$0008
0051   0008 C3 F2 03    RESET_08:	JP		SETUP
0052   000B             ;
0053   0010             			.ORG	$0010
0054   0010 C3 F2 03    RESET_10:	JP		SETUP
0055   0013             ;
0056   0018             			.ORG	$0018
0057   0018 C3 F2 03    RESET_18:	JP		SETUP
0058   001B             ;
0059   0020             			.ORG	$0020
0060   0020 C3 F2 03    RESET_20:	JP		SETUP
0061   0023             ;
0062   0028             			.ORG	$0028
0063   0028 C3 F2 03    RESET_28:	JP		SETUP
0064   002B             ;
0065   0030             			.ORG	$0030
0066   0030 C3 F2 03    RESET_30:	JP		SETUP
0067   0033             ;
0068   0038             			.ORG	$0038
0069   0038 C3 F2 03    RESET_38:	JP		SETUP
0070   003B             ;
0071   0040             			.ORG	$0040
0072   0040 75 4D 4F 4E VERSION:	.TEXT	"uMON V1.04 by Scott Gregory"
0072   0044 20 56 31 2E 
0072   0048 30 34 20 62 
0072   004C 79 20 53 63 
0072   0050 6F 74 74 20 
0072   0054 47 72 65 67 
0072   0058 6F 72 79 
0073   005B             ;
0074   0066             			.ORG	$0066
0075   0066 F5          NMISERVICE:	PUSH	af ; Keyboard service routine.
0076   0067 DB 00       			IN		a,(KEYPORT)
0077   0069 32 C6 08    			LD		(KEYDATA),a
0078   006C F1          			POP		af
0079   006D ED 45       			RETN
0080   006F             ;
0081   0080             			.ORG	$0080
0082   0080 AF          DISPLAY:	XOR		a ; Display update routine.
0083   0081 D3 01       			OUT		(CATHPORT),a
0084   0083 D3 02       			OUT		(SEGPORT),a
0085   0085 4F          			LD		c,a
0086   0086 CB E9       			SET		5,c
0087   0088 ED 5B C1 08 			LD		de,(ADDRESS)
0088   008C 7A          			LD		a,d
0089   008D 32 C3 08    			LD		(SCRATCH),a
0090   0090 AF          			XOR		a
0091   0091 21 C3 08    			LD		hl,SCRATCH
0092   0094 ED 6F       			RLD
0093   0096 DD 21 10 04 			LD		ix,HEX2SEG
0094   009A 16 00       			LD		d,$00
0095   009C 5F          			LD		e,a
0096   009D DD 19       			ADD		ix,de
0097   009F DD 7E 00    			LD		a,(ix)
0098   00A2 E5          			PUSH	hl
0099   00A3 21 C5 08    			LD		hl,MODE
0100   00A6 CB 46       			BIT		0,(hl)
0101   00A8 CA AD 00    			JP		z,DISL00
0102   00AB F6 10       			OR		$10
0103   00AD E1          DISL00:		POP		hl
0104   00AE D3 02       			OUT		(SEGPORT),a
0105   00B0 79          			LD		a,c
0106   00B1 D3 01       			OUT		(CATHPORT),a
0107   00B3 06 40       			LD		b,CATHDLY
0108   00B5 10 FE       DISL01:		DJNZ	DISL01
0109   00B7 AF          			XOR		a
0110   00B8 D3 01       			OUT		(CATHPORT),a
0111   00BA CB 19       			RR		c
0112   00BC ED 6F       			RLD
0113   00BE DD 21 10 04 			LD		ix,HEX2SEG
0114   00C2 16 00       			LD		d,$00
0115   00C4 5F          			LD		e,a
0116   00C5 DD 19       			ADD		ix,de
0117   00C7 DD 7E 00    			LD		a,(ix)
0118   00CA E5          			PUSH	hl
0119   00CB 21 C5 08    			LD		hl,MODE
0120   00CE CB 46       			BIT		0,(hl)
0121   00D0 CA D5 00    			JP		z,DISL02
0122   00D3 F6 10       			OR		$10
0123   00D5 E1          DISL02:		POP		hl
0124   00D6 D3 02       			OUT		(SEGPORT),a
0125   00D8 79          			LD		a,c
0126   00D9 D3 01       			OUT		(CATHPORT),a
0127   00DB 06 40       			LD		b,CATHDLY
0128   00DD 10 FE       DISL03:		DJNZ	DISL03
0129   00DF AF          			XOR		a
0130   00E0 D3 01       			OUT		(CATHPORT),a
0131   00E2 CB 19       			RR		c
0132   00E4 ED 5B C1 08 			LD		de,(ADDRESS)
0133   00E8 7B          			LD		a,e
0134   00E9 32 C3 08    			LD		(SCRATCH),a
0135   00EC AF          			XOR		a
0136   00ED 21 C3 08    			LD		hl,SCRATCH
0137   00F0 ED 6F       			RLD
0138   00F2 DD 21 10 04 			LD		ix,HEX2SEG
0139   00F6 16 00       			LD		d,$00
0140   00F8 5F          			LD		e,a
0141   00F9 DD 19       			ADD		ix,de
0142   00FB DD 7E 00    			LD		a,(ix)
0143   00FE E5          			PUSH	hl
0144   00FF 21 C5 08    			LD		hl,MODE
0145   0102 CB 46       			BIT		0,(hl)
0146   0104 CA 09 01    			JP		z,DISL04
0147   0107 F6 10       			OR		$10
0148   0109 E1          DISL04:		POP		hl
0149   010A D3 02       			OUT		(SEGPORT),a
0150   010C 79          			LD		a,c
0151   010D D3 01       			OUT		(CATHPORT),a
0152   010F 06 40       			LD			b,CATHDLY
0153   0111 10 FE       DISL05:		DJNZ	DISL05
0154   0113 AF          			XOR		a
0155   0114 D3 01       			OUT		(CATHPORT),a
0156   0116 CB 19       			RR		c
0157   0118 ED 6F       			RLD
0158   011A DD 21 10 04 			LD		ix,HEX2SEG
0159   011E 16 00       			LD		d,$00
0160   0120 5F          			LD		e,a
0161   0121 DD 19       			ADD		ix,de
0162   0123 DD 7E 00    			LD		a,(ix)
0163   0126 E5          			PUSH	hl
0164   0127 21 C5 08    			LD		hl,MODE
0165   012A CB 46       			BIT		0,(hl)
0166   012C CA 31 01    			JP		z,DISL06
0167   012F F6 10       			OR		$10
0168   0131 E1          DISL06:		POP		hl
0169   0132 D3 02       			OUT		(SEGPORT),a
0170   0134 79          			LD		a,c
0171   0135 D3 01       			OUT		(CATHPORT),a
0172   0137 06 40       			LD		b,CATHDLY
0173   0139 10 FE       DISL07:		DJNZ	DISL07
0174   013B AF          			XOR		a
0175   013C D3 01       			OUT		(CATHPORT),a
0176   013E CB 19       			RR		c
0177   0140 2A C1 08    			LD		hl,(ADDRESS)
0178   0143 7E          			LD		a,(hl)
0179   0144 32 C3 08    			LD		(SCRATCH),a
0180   0147 AF          			XOR		a
0181   0148 21 C3 08    			LD		hl,SCRATCH
0182   014B ED 6F       			RLD
0183   014D DD 21 10 04 			LD		ix,HEX2SEG
0184   0151 16 00       			LD		d,$00
0185   0153 5F          			LD		e,a
0186   0154 DD 19       			ADD		ix,de
0187   0156 DD 7E 00    			LD		a,(ix)
0188   0159 E5          			PUSH	hl
0189   015A 21 C5 08    			LD		hl,MODE
0190   015D CB 46       			BIT		0,(hl)
0191   015F C2 64 01    			JP		nz,DISL08
0192   0162 F6 10       			OR		$10
0193   0164 E1          DISL08:		POP		hl
0194   0165 D3 02       			OUT		(SEGPORT),a
0195   0167 79          			LD		a,c
0196   0168 D3 01       			OUT		(CATHPORT),a
0197   016A 06 40       			LD		b,CATHDLY
0198   016C 10 FE       DISL09:		DJNZ	DISL09
0199   016E AF          			XOR		a
0200   016F D3 01       			OUT		(CATHPORT),a
0201   0171 CB 19       			RR		c
0202   0173 ED 6F       			RLD
0203   0175 DD 21 10 04 			LD		ix,HEX2SEG
0204   0179 16 00       			LD		d,$00
0205   017B 5F          			LD		e,a
0206   017C DD 19       			ADD		ix,de
0207   017E DD 7E 00    			LD		a,(ix)
0208   0181 E5          			PUSH	hl
0209   0182 21 C5 08    			LD		hl,MODE
0210   0185 CB 46       			BIT		0,(hl)
0211   0187 C2 8C 01    			JP		nz,DISL0A
0212   018A F6 10       			OR		$10
0213   018C E1          DISL0A:		POP		hl
0214   018D D3 02       			OUT		(SEGPORT),a
0215   018F 79          			LD		a,c
0216   0190 D3 01       			OUT		(CATHPORT),a
0217   0192 06 40       			LD		b,CATHDLY
0218   0194 10 FE       DISL0B:		DJNZ	DISL0B
0219   0196 C9          			RET
0220   0197             ;
0221   0197 E5          KEYBOARD:	PUSH	hl ; Key decoder routine.
0222   0198 F5          			PUSH	af
0223   0199 21 30 00    			LD		hl,$0030
0224   019C 22 C7 08    			LD		(BEEPLENGTH),hl
0225   019F 21 C9 08    			LD		hl,BEEPFREQ
0226   01A2 36 30       			LD		(hl),$30
0227   01A4 21 C6 08    			LD		hl,KEYDATA
0228   01A7 3E FF       			LD		a,$FF
0229   01A9 BE          			CP		(hl)
0230   01AA CA AB 03    			JP		z,KEYLXX
0231   01AD CD B3 03    			CALL	BEEP
0232   01B0 7E          			LD		a,(hl)
0233   01B1 E6 3F       			AND		$3f ; We only want the first 6 bits.
0234   01B3 EE 20       			XOR		$20 ; Flip bit 6 (Shift key) because it gives a 1 when not being pressed.
0235   01B5             ;
0236   01B5 FE 10       			CP		$10 ; + key.
0237   01B7 C2 CD 01    			JP		nz,KEYL00
0238   01BA 2A C1 08    			LD		hl,(ADDRESS)
0239   01BD 23          			INC		hl
0240   01BE 22 C1 08    			LD		(ADDRESS),hl
0241   01C1 21 C5 08    			LD		hl,MODE
0242   01C4 CB 86       			RES		0,(hl)
0243   01C6 CB 8E       			RES		1,(hl)
0244   01C8 CB 96       			RES		2,(hl)
0245   01CA C3 AB 03    			JP		KEYLXX
0246   01CD             ;
0247   01CD FE 11       KEYL00:		CP		$11 ; - key.
0248   01CF C2 E5 01    			JP		nz,KEYL01
0249   01D2 2A C1 08    			LD		hl,(ADDRESS)
0250   01D5 2B          			DEC		hl
0251   01D6 22 C1 08    			LD		(ADDRESS),hl
0252   01D9 21 C5 08    			LD		hl,MODE
0253   01DC CB 86       			RES		0,(hl)
0254   01DE CB 8E       			RES		1,(hl)
0255   01E0 CB 96       			RES		2,(hl)
0256   01E2 C3 AB 03    			JP		KEYLXX
0257   01E5             ;
0258   01E5 FE 12       KEYL01:		CP		$12 ; GO key.
0259   01E7 C2 F1 01    			JP		nz,KEYL02
0260   01EA 31 C0 08    			LD		sp,STACKTOP
0261   01ED 2A C1 08    			LD		hl,(ADDRESS)
0262   01F0 E9          			JP		(hl)
0263   01F1             ;
0264   01F1 FE 13       KEYL02:		CP		$13 ; AD key.
0265   01F3 C2 07 02    			JP		nz,KEYL03
0266   01F6 47          			LD		b,a
0267   01F7 3A C5 08    			LD		a,(MODE)
0268   01FA EE 01       			XOR		$01
0269   01FC CB 8F       			RES		1,a
0270   01FE CB 97       			RES		2,a
0271   0200 32 C5 08    			LD		(MODE),a
0272   0203 78          			LD		a,b
0273   0204 C3 AB 03    			JP		KEYLXX
0274   0207             ;
0275   0207 FE 20       KEYL03:		CP		$20 ; Shift-0 key.
0276   0209 C2 16 02    			JP		nz,KEYL04
0277   020C F5          			PUSH	af
0278   020D E5          			PUSH	hl
0279   020E CD 20 04    			CALL	MOD01
0280   0211 E1          			POP		hl
0281   0212 F1          			POP		af
0282   0213 C3 AB 03    			JP		KEYLXX
0283   0216             ;
0284   0216 FE 21       KEYL04:		CP		$21 ; Shift-1 key.
0285   0218 C2 25 02    			JP		nz,KEYL05
0286   021B F5          			PUSH	af
0287   021C E5          			PUSH	hl
0288   021D CD 21 04    			CALL	MOD02
0289   0220 E1          			POP		hl
0290   0221 F1          			POP		af
0291   0222 C3 AB 03    			JP		KEYLXX
0292   0225             ;
0293   0225 FE 22       KEYL05:		CP		$22 ; Shift-2 key.
0294   0227 C2 34 02    			JP		nz,KEYL06
0295   022A F5          			PUSH	af
0296   022B E5          			PUSH	hl
0297   022C CD 22 04    			CALL	MOD03
0298   022F E1          			POP		hl
0299   0230 F1          			POP		af
0300   0231 C3 AB 03    			JP		KEYLXX
0301   0234             ;
0302   0234 FE 23       KEYL06:		CP		$23 ; Shift-3 key.
0303   0236 C2 43 02    			JP		nz,KEYL07
0304   0239 F5          			PUSH	af
0305   023A E5          			PUSH	hl
0306   023B CD 23 04    			CALL	MOD04
0307   023E E1          			POP		hl
0308   023F F1          			POP		af
0309   0240 C3 AB 03    			JP		KEYLXX
0310   0243             ;
0311   0243 FE 24       KEYL07:		CP		$24 ; Shift-4 key.
0312   0245 C2 52 02    			JP		nz,KEYL08
0313   0248 F5          			PUSH	af
0314   0249 E5          			PUSH	hl
0315   024A CD 24 04    			CALL	MOD05
0316   024D E1          			POP		hl
0317   024E F1          			POP		af
0318   024F C3 AB 03    			JP		KEYLXX
0319   0252             ;
0320   0252 FE 25       KEYL08:		CP		$25 ; Shift-5 key.
0321   0254 C2 61 02    			JP		nz,KEYL09
0322   0257 F5          			PUSH	af
0323   0258 E5          			PUSH	hl
0324   0259 CD 25 04    			CALL	MOD06
0325   025C E1          			POP		hl
0326   025D F1          			POP		af
0327   025E C3 AB 03    			JP		KEYLXX
0328   0261             ;
0329   0261 FE 26       KEYL09:		CP		$26 ; Shift-6 key.
0330   0263 C2 70 02    			JP		nz,KEYL0A
0331   0266 F5          			PUSH	af
0332   0267 E5          			PUSH	hl
0333   0268 CD 26 04    			CALL	MOD07
0334   026B E1          			POP		hl
0335   026C F1          			POP		af
0336   026D C3 AB 03    			JP		KEYLXX
0337   0270             ;
0338   0270 FE 27       KEYL0A:		CP		$27 ; Shift-7 key.
0339   0272 C2 7F 02    			JP		nz,KEYL0B
0340   0275 F5          			PUSH	af
0341   0276 E5          			PUSH	hl
0342   0277 CD 27 04    			CALL	MOD08
0343   027A E1          			POP		hl
0344   027B F1          			POP		af
0345   027C C3 AB 03    			JP		KEYLXX
0346   027F             ;
0347   027F FE 28       KEYL0B:		CP		$28 ; Shift-8 key.
0348   0281 C2 8E 02    			JP		nz,KEYL0C
0349   0284 F5          			PUSH	af
0350   0285 E5          			PUSH	hl
0351   0286 CD 28 04    			CALL	MOD09
0352   0289 E1          			POP		hl
0353   028A F1          			POP		af
0354   028B C3 AB 03    			JP		KEYLXX
0355   028E             ;
0356   028E FE 29       KEYL0C:		CP		$29 ; Shift-9 key.
0357   0290 C2 9D 02    			JP		nz,KEYL0D
0358   0293 F5          			PUSH	af
0359   0294 E5          			PUSH	hl
0360   0295 CD 29 04    			CALL	MOD0A
0361   0298 E1          			POP		hl
0362   0299 F1          			POP		af
0363   029A C3 AB 03    			JP		KEYLXX
0364   029D             ;
0365   029D FE 2A       KEYL0D:		CP		$2A ; Shift-A key.
0366   029F C2 AC 02    			JP		nz,KEYL0E
0367   02A2 F5          			PUSH	af
0368   02A3 E5          			PUSH	hl
0369   02A4 CD 2A 04    			CALL	MOD0B
0370   02A7 E1          			POP		hl
0371   02A8 F1          			POP		af
0372   02A9 C3 AB 03    			JP		KEYLXX
0373   02AC             ;
0374   02AC FE 2B       KEYL0E:		CP		$2B ; Shift-B key.
0375   02AE C2 BB 02    			JP		nz,KEYL0F
0376   02B1 F5          			PUSH	af
0377   02B2 E5          			PUSH	hl
0378   02B3 CD 2B 04    			CALL	MOD0C
0379   02B6 E1          			POP		hl
0380   02B7 F1          			POP		af
0381   02B8 C3 AB 03    			JP		KEYLXX
0382   02BB             ;
0383   02BB FE 2C       KEYL0F:		CP		$2C ; Shift-C key.
0384   02BD C2 CA 02    			JP		nz,KEYL10
0385   02C0 F5          			PUSH	af
0386   02C1 E5          			PUSH	hl
0387   02C2 CD 2C 04    			CALL	MOD0D
0388   02C5 E1          			POP		hl
0389   02C6 F1          			POP		af
0390   02C7 C3 AB 03    			JP		KEYLXX
0391   02CA             ;
0392   02CA FE 2D       KEYL10:		CP		$2D ; Shift-D key.
0393   02CC C2 D9 02    			JP		nz,KEYL11
0394   02CF F5          			PUSH	af
0395   02D0 E5          			PUSH	hl
0396   02D1 CD 2D 04    			CALL	MOD0E
0397   02D4 E1          			POP		hl
0398   02D5 F1          			POP		af
0399   02D6 C3 AB 03    			JP		KEYLXX
0400   02D9             ;
0401   02D9 FE 2E       KEYL11:		CP		$2E ; Shift-E key.
0402   02DB C2 E8 02    			JP		nz,KEYL12
0403   02DE F5          			PUSH	af
0404   02DF E5          			PUSH	hl
0405   02E0 CD 2E 04    			CALL	MOD0F
0406   02E3 E1          			POP		hl
0407   02E4 F1          			POP		af
0408   02E5 C3 AB 03    			JP		KEYLXX
0409   02E8             ;
0410   02E8 FE 2F       KEYL12:		CP		$2F ; Shift-F key.
0411   02EA C2 F7 02    			JP		nz,KEYL13
0412   02ED F5          			PUSH	af
0413   02EE E5          			PUSH	hl
0414   02EF CD 2F 04    			CALL	MOD10
0415   02F2 E1          			POP		hl
0416   02F3 F1          			POP		af
0417   02F4 C3 AB 03    			JP		KEYLXX
0418   02F7             ;
0419   02F7 FE 30       KEYL13:		CP		$30 ; Shift-+ key.
0420   02F9 C2 1D 03    			JP		nz,KEYL14
0421   02FC 21 FF FF    			LD		hl,RAMTOP
0422   02FF ED 5B C1 08 			LD		de,(ADDRESS)
0423   0303 ED 52       			SBC		hl,de
0424   0305 44          			LD		b,h
0425   0306 4D          			LD		c,l
0426   0307 21 FF FF    			LD		hl,RAMTOP
0427   030A 54          			LD		d,h
0428   030B 5D          			LD		e,l
0429   030C 2B          			DEC		hl
0430   030D ED B8       			LDDR
0431   030F 62          			LD		h,d
0432   0310 6B          			LD		l,e
0433   0311 36 00       			LD		(hl),$00
0434   0313 21 C5 08    			LD		hl,MODE
0435   0316 CB 8E       			RES		1,(hl)
0436   0318 CB 96       			RES		2,(hl)
0437   031A C3 AB 03    			JP		KEYLXX
0438   031D             ;
0439   031D FE 31       KEYL14:		CP		$31 ; Shift-- key.
0440   031F C2 43 03    			JP		nz,KEYL15
0441   0322 21 FF FF    			LD		hl,RAMTOP
0442   0325 ED 5B C1 08 			LD		de,(ADDRESS)
0443   0329 ED 52       			SBC		hl,de
0444   032B 44          			LD		b,h
0445   032C 4D          			LD		c,l
0446   032D 2A C1 08    			LD		hl,(ADDRESS)
0447   0330 54          			LD		d,h
0448   0331 5D          			LD		e,l
0449   0332 23          			INC		hl
0450   0333 ED B0       			LDIR
0451   0335 62          			LD		h,d
0452   0336 6B          			LD		l,e
0453   0337 36 00       			LD		(hl),$00
0454   0339 21 C5 08    			LD		hl,MODE
0455   033C CB 8E       			RES		1,(hl)
0456   033E CB 96       			RES		2,(hl)
0457   0340 C3 AB 03    			JP		KEYLXX
0458   0343             ;
0459   0343 FE 32       KEYL15:		CP		$32 ; Shift-GO key.
0460   0345 CA AB 03    			JP		z,KEYLXX
0461   0348 FE 33       KEYL16:		CP		$33 ; Shift-AD key.
0462   034A CA AB 03    			JP		z,KEYLXX
0463   034D             ;
0464   034D 21 C5 08    KEYL17:		LD		hl,MODE ; Non-shifted digit keys entry.
0465   0350 CB 46       			BIT		0,(hl) ; 0 = Data Mode, 1 = Address Mode.
0466   0352 C2 86 03    			JP		nz,KEYL19
0467   0355 CB 4E       			BIT		1,(hl)
0468   0357 CA 72 03    			JP		z,KEYL17B ; Jump on 1st time through a data edit.
0469   035A CB 56       			BIT		2,(hl)
0470   035C CA 70 03    			JP		z,KEYL17A ; Jump on 2nd time through a data edit.
0471   035F CB 8E       			RES		1,(hl) ; Do this the 3rd time round a data edit.
0472   0361 CB 96       			RES		2,(hl)
0473   0363 2A C1 08    			LD		hl,(ADDRESS)
0474   0366 23          			INC		hl
0475   0367 22 C1 08    			LD		(ADDRESS),hl
0476   036A 21 C5 08    			LD		hl,MODE
0477   036D C3 72 03    			JP		KEYL17B
0478   0370 CB D6       KEYL17A:	SET		2,(hl)
0479   0372 CB 4E       KEYL17B:	BIT		1,(hl) ; 0 = first nibble, 1 = second nibble.
0480   0374 C2 7E 03    			JP		nz,KEYL18
0481   0377 CB CE       			SET		1,(hl)
0482   0379 2A C1 08    			LD		hl,(ADDRESS)
0483   037C 36 00       			LD		(hl),$00
0484   037E             ;
0485   037E 2A C1 08    KEYL18:		LD		hl,(ADDRESS)
0486   0381 ED 6F       			RLD
0487   0383 C3 AB 03    KEYL18A:	JP		KEYLXX
0488   0386             ;
0489   0386 CB 4E       KEYL19:		BIT		1,(hl) ; 0 = first nibble, 1 = subsequent nibbles.
0490   0388 C2 93 03    			JP		nz,KEYL1A
0491   038B CB CE       			SET		1,(hl)
0492   038D 21 00 00    			LD		hl,$0000
0493   0390 22 C1 08    			LD		(ADDRESS),hl
0494   0393             ;
0495   0393 21 C1 08    KEYL1A:		LD		hl,ADDRESS
0496   0396 ED 6F       			RLD
0497   0398 2A C1 08    			LD		hl,(ADDRESS)
0498   039B CB 24       			SLA		h
0499   039D CB 24       			SLA		h
0500   039F CB 24       			SLA		h
0501   03A1 CB 24       			SLA		h
0502   03A3 47          			LD		b,a
0503   03A4 AF          			XOR		a
0504   03A5 B4          			OR		h
0505   03A6 B0          			OR		b
0506   03A7 67          			LD		h,a
0507   03A8 22 C1 08    			LD		(ADDRESS),hl
0508   03AB             ;
0509   03AB 21 C6 08    KEYLXX:		LD		hl,KEYDATA ; Done with the key decoder.
0510   03AE 36 FF       			LD		(hl),$FF
0511   03B0 F1          			POP		af
0512   03B1 E1          			POP		hl
0513   03B2 C9          			RET
0514   03B3             ;
0515   03B3 E5          BEEP:		PUSH	hl
0516   03B4 F5          			PUSH	af
0517   03B5 21 C9 08    			LD		hl,BEEPFREQ
0518   03B8 4E          			LD		c,(hl)
0519   03B9 2A C7 08    			LD		hl,(BEEPLENGTH)
0520   03BC AF          			XOR		a
0521   03BD 57          			LD		d,a
0522   03BE 41          BEEPL01:	LD		b,c
0523   03BF 7A          			LD		a,d
0524   03C0 D3 01       			OUT		(CATHPORT),a
0525   03C2 10 FE       BEEPL02:	DJNZ	BEEPL02
0526   03C4 EE 80       			XOR		$80
0527   03C6 2B          			DEC		hl
0528   03C7 57          			LD		d,a
0529   03C8 7C          			LD		a,h
0530   03C9 B5          			OR		l
0531   03CA C2 BE 03    			JP		nz,BEEPL01
0532   03CD F1          			POP		af
0533   03CE E1          			POP		hl
0534   03CF C9          			RET
0535   03D0             ;
0536   03D0 E5          STARTBEEP:	PUSH	hl
0537   03D1 F5          			PUSH	af
0538   03D2 21 7F 00    			LD		hl,$007F
0539   03D5 22 C7 08    			LD		(BEEPLENGTH),hl
0540   03D8 21 C9 08    			LD		hl,BEEPFREQ
0541   03DB 36 35       			LD		(hl),$35
0542   03DD CD B3 03    			CALL	BEEP
0543   03E0 36 30       			LD		(hl),$30
0544   03E2 CD B3 03    			CALL	BEEP
0545   03E5 36 25       			LD		(hl),$25
0546   03E7 CD B3 03    			CALL	BEEP
0547   03EA 36 20       			LD		(hl),$20
0548   03EC CD B3 03    			CALL	BEEP
0549   03EF F1          			POP		af
0550   03F0 E1          			POP		hl
0551   03F1 C9          			RET
0552   03F2             ;			
0553   03F2 31 C0 08    SETUP:		LD		sp,STACKTOP ; Post reset/power up setup.
0554   03F5 21 00 09    			LD		hl,RAMBASE
0555   03F8 22 C1 08    			LD		(ADDRESS),hl
0556   03FB AF          			XOR		a
0557   03FC 32 C5 08    			LD		(MODE),a
0558   03FF 3E FF       			LD		a,$FF
0559   0401 32 C6 08    			LD		(KEYDATA),a
0560   0404 CD D0 03    			CALL	STARTBEEP
0561   0407             ;
0562   0407 CD 80 00    MAIN:		CALL	DISPLAY
0563   040A CD 97 01    			CALL	KEYBOARD
0564   040D C3 07 04    			JP		MAIN
0565   0410             ;
0566   0410 EB 28 CD AD HEX2SEG:	.DB		$EB,$28,$CD,$AD,$2E,$A7,$E7,$29 ; HEX Byte to LED Segment conversion.
0566   0414 2E A7 E7 29 
0567   0418 EF 2F 6F E6 			.DB		$EF,$2F,$6F,$E6,$C3,$EC,$C7,$47
0567   041C C3 EC C7 47 
0568   0420             ;
0569   0420             ; BEGIN MODULES.
0570   0420             ; START MOD-01 - xxxxx.
0571   0420 C9          MOD01:		RET
0572   0421             ; END MOD-01
0573   0421             ;
0574   0421             ; START MOD-02 - xxxxx.
0575   0421 C9          MOD02:		RET
0576   0422             ; END MOD-02
0577   0422             ;
0578   0422             ; START MOD-03 - xxxxx.
0579   0422 C9          MOD03:		RET
0580   0423             ; END MOD-03
0581   0423             ;
0582   0423             ; START MOD-04 - xxxxx.
0583   0423 C9          MOD04:		RET
0584   0424             ; END MOD-04
0585   0424             ;
0586   0424             ; START MOD-05 - xxxxx.
0587   0424 C9          MOD05:		RET
0588   0425             ; END MOD-05
0589   0425             ;
0590   0425             ; START MOD-06 - xxxxx.
0591   0425 C9          MOD06:		RET
0592   0426             ; END MOD-06
0593   0426             ;
0594   0426             ; START MOD-07 - xxxxx.
0595   0426 C9          MOD07:		RET
0596   0427             ; END MOD-07
0597   0427             ;
0598   0427             ; START MOD-08 - xxxxx.
0599   0427 C9          MOD08:		RET
0600   0428             ; END MOD-08
0601   0428             ;
0602   0428             ; START MOD-09 - xxxxx.
0603   0428 C9          MOD09:		RET
0604   0429             ; END MOD-09
0605   0429             ;
0606   0429             ; START MOD-0A - xxxxx.
0607   0429 C9          MOD0A:		RET
0608   042A             ; END MOD-0A
0609   042A             ;
0610   042A             ; START MOD-0B - xxxxx.
0611   042A C9          MOD0B:		RET
0612   042B             ; END MOD-0B
0613   042B             ;
0614   042B             ; START MOD-0C - xxxxx.
0615   042B C9          MOD0C:		RET
0616   042C             ; END MOD-0C
0617   042C             ;
0618   042C             ; START MOD-0D - xxxxx.
0619   042C C9          MOD0D:		RET
0620   042D             ; END MOD-0D
0621   042D             ;
0622   042D             ; START MOD-0E - xxxxx.
0623   042D C9          MOD0E:		RET
0624   042E             ; END MOD-0E
0625   042E             ;
0626   042E             ; START MOD-0F - xxxxx.
0627   042E C9          MOD0F:		RET
0628   042F             ; END MOD-0F
0629   042F             ;
0630   042F             ; START MOD-10 - xxxxx.
0631   042F C9          MOD10:		RET
0632   0430             ; END MOD-10
0633   0430             ;
0634   0430             ; END MODULES.
0635   0430             ;
0636   0430             			.END
tasm: Number of errors = 0
